<?xml version="1.0" encoding="UTF-8"?>
<!-- Generated by org.testng.reporters.JUnitReportReporter -->
<testsuite hostname="VIVEK-PC" name="testing2" tests="1" failures="0" timestamp="26 Apr 2015 06:38:46 GMT" time="०.००१" errors="0">
  <testcase name="A" time="०.००१" classname="testing2"/>
</testsuite> <!-- testing2 -->
