<?xml version="1.0" encoding="UTF-8"?>
<!-- Generated by org.testng.reporters.JUnitReportReporter -->
<testsuite hostname="VIVEK-PC" name="testcases" tests="2" failures="0" timestamp="26 Apr 2015 06:38:46 GMT" time="०.००६" errors="0">
  <testcase name="login" time="०.००३" classname="testcases"/>
  <testcase name="openpage" time="०.००३" classname="testcases"/>
</testsuite> <!-- testcases -->
